1 10 20
100 200 125
201 210 89
900 1000 174
3111 2464 217
222 2990 217
4636 5441 210
5365 1050 238
4033 5878 236
5529 5541 130
4894 4804 179
3395 2850 217
5085 2578 238
5519 4400 210
5970 3055 238
2553 3005 217
147 2897 209
6526 1471 262
6572 2377 262
6398 6808 244
4137 4972 215
5029 6837 262
1285 3321 217
6053 1054 238
3355 2872 217
564 6662 262
4376 3925 202
6309 6927 244
5918 1454 238
1611 2227 183
3403 2775 217
375 3396 217
586 734 171
6389 5200 262
4249 2331 238
268 893 179
3970 1075 238
4907 6769 262
5731 6356 262
3387 5126 238
5898 6328 262
4772 3320 238
563 4499 238
4478 6245 262
6057 5030 236
2146 3992 238
3849 976 238
1097 5544 238
881 6111 238
1302 6840 262
487 2149 182
778 3736 238
2075 3956 238
5196 130 238
5007 3308 238
6953 3446 262
1184 2883 209
963 5508 238
1689 5560 238
6780 5125 262
6329 589 262
2398 2666 209
3790 6689 262
5858 4536 236
4282 2315 238
5001 3423 238
4747 4184 215
5063 2454 238
4292 4349 184
3591 3684 163
3271 5512 238
4607 5777 236
1177 3202 217
5431 2294 238
2211 79 182
5895 468 238
2886 4929 238
3244 6033 238
4010 2937 238
1628 3762 238
499 6018 238
4724 863 238
3254 412 217
5239 5869 236
4787 3307 238
3880 6930 262
4805 6284 262
3453 355 217
2565 6320 262
1327 4339 238
4170 3912 189
6967 1560 262
4584 5654 236
928 2453 183
2482 3283 217
5953 5260 236
5424 4458 210
3748 5913 236
6129 6040 187
3279 888 217
6762 208 262
5464 2041 238
1304 253 182
5951 390 238
